{
  "RSpec": {
    "coverage": {
      "/Users/USER/workspace/pearllists/spec/controllers/api/v1/bucketlists_controller_spec.rb": [
        1,
        1,
        null
      ],
      "/Users/USER/workspace/pearllists/app/controllers/api/v1/bucketlists_controller.rb": [
        1,
        1,
        null,
        1,
        18,
        18,
        18,
        17,
        null,
        1,
        null,
        null,
        null,
        1,
        2,
        null,
        2,
        1,
        null,
        1,
        null,
        null,
        null,
        1,
        2,
        null,
        2,
        1,
        null,
        1,
        null,
        null,
        null,
        1,
        2,
        null,
        2,
        1,
        1,
        1,
        null,
        1,
        null,
        null,
        null,
        1,
        2,
        null,
        2,
        1,
        1,
        null,
        1,
        null,
        null,
        null,
        1,
        null,
        1,
        19,
        null,
        null
      ],
      "/Users/USER/workspace/pearllists/app/controllers/application_controller.rb": [
        1,
        1,
        1,
        null,
        1,
        28,
        27,
        null,
        1,
        null,
        null,
        null,
        1,
        55,
        null,
        null,
        1,
        55,
        54,
        null,
        null,
        null,
        1,
        27,
        null,
        null
      ],
      "/Users/USER/workspace/pearllists/spec/controllers/api/v1/items_controller_spec.rb": [
        1,
        null,
        1,
        null
      ],
      "/Users/USER/workspace/pearllists/app/controllers/api/v1/items_controller.rb": [
        1,
        1,
        null,
        1,
        0,
        0,
        null,
        0,
        0,
        null,
        0,
        0,
        null,
        0,
        null,
        null,
        null,
        0,
        null,
        null,
        null,
        1,
        0,
        null,
        0,
        0,
        0,
        null,
        0,
        null,
        null,
        null,
        1,
        0,
        null,
        0,
        0,
        0,
        null,
        0,
        null,
        null,
        null,
        1,
        null,
        1,
        0,
        null,
        0,
        0,
        null,
        null,
        null,
        1,
        0,
        null,
        null
      ],
      "/Users/USER/workspace/pearllists/spec/controllers/api/v1/sessions_controller_spec.rb": [
        1,
        null,
        1,
        null
      ],
      "/Users/USER/workspace/pearllists/app/controllers/api/v1/sessions_controller.rb": [
        1,
        1,
        null,
        1,
        7,
        null,
        7,
        6,
        6,
        6,
        null,
        null,
        null,
        null,
        1,
        null,
        null,
        null,
        1,
        1,
        1,
        1,
        null,
        null
      ],
      "/Users/USER/workspace/pearllists/spec/controllers/api/v1/users_controller_spec.rb": [
        1,
        null,
        1,
        null
      ],
      "/Users/USER/workspace/pearllists/app/controllers/api/v1/users_controller.rb": [
        1,
        1,
        0,
        0,
        0,
        null,
        0,
        null,
        null,
        null,
        1,
        null,
        1,
        0,
        null,
        null
      ],
      "/Users/USER/workspace/pearllists/spec/models/bucketlist_spec.rb": [
        1,
        null,
        1,
        null
      ],
      "/Users/USER/workspace/pearllists/app/models/bucketlist.rb": [
        1,
        1,
        1,
        1,
        null,
        1,
        2,
        null,
        null,
        1,
        null,
        2,
        0,
        null,
        null,
        null,
        null,
        1,
        null,
        2,
        2,
        null,
        2,
        0,
        0,
        null,
        null,
        2,
        0,
        null,
        null,
        2,
        null,
        null,
        null
      ],
      "/Users/USER/workspace/pearllists/spec/models/item_spec.rb": [
        1,
        null,
        1,
        null
      ],
      "/Users/USER/workspace/pearllists/app/models/item.rb": [
        1,
        1,
        1,
        null
      ],
      "/Users/USER/workspace/pearllists/spec/models/token_spec.rb": [
        1,
        null,
        1,
        null
      ],
      "/Users/USER/workspace/pearllists/app/models/token.rb": [
        1,
        1,
        null
      ],
      "/Users/USER/workspace/pearllists/spec/models/user_spec.rb": [
        1,
        null,
        1,
        null
      ],
      "/Users/USER/workspace/pearllists/app/models/user.rb": [
        1,
        1,
        1,
        null,
        1,
        1,
        null,
        1,
        6,
        6,
        null,
        null
      ],
      "/Users/USER/workspace/pearllists/spec/requests/api/v1/create_bucketlist_spec.rb": [
        1,
        1,
        1,
        1,
        1,
        null,
        null,
        1,
        1,
        1,
        null,
        null,
        1,
        1,
        1,
        1,
        null,
        null,
        null,
        null,
        1,
        null,
        1,
        1,
        1,
        null,
        null,
        null,
        1,
        1,
        1,
        null,
        null,
        null,
        null,
        1,
        null,
        1,
        1,
        null,
        null,
        null,
        null
      ],
      "/Users/USER/workspace/pearllists/spec/requests/api/v1/delete_bucketlist_spec.rb": [
        1,
        1,
        1,
        1,
        1,
        null,
        null,
        1,
        1,
        1,
        null,
        null,
        1,
        1,
        1,
        1,
        1,
        1,
        null,
        null,
        null,
        null,
        1,
        1,
        1,
        1,
        null,
        null,
        null,
        1,
        1,
        1,
        1,
        1,
        1,
        1,
        1,
        null,
        null,
        null,
        null
      ],
      "/Users/USER/workspace/pearllists/spec/requests/api/v1/edit_bucketlist_spec.rb": [
        1,
        1,
        1,
        1,
        1,
        null,
        null,
        1,
        1,
        1,
        null,
        null,
        1,
        1,
        1,
        1,
        1,
        1,
        null,
        null,
        null,
        null,
        1,
        1,
        1,
        null,
        null,
        null,
        1,
        1,
        1,
        1,
        null,
        null,
        null,
        null,
        1,
        1,
        1,
        null,
        null,
        null,
        null
      ],
      "/Users/USER/workspace/pearllists/spec/requests/api/v1/get_bucketlist_spec.rb": [
        1,
        1,
        1,
        1,
        1,
        null,
        null,
        1,
        1,
        1,
        null,
        null,
        1,
        1,
        1,
        1,
        1,
        1,
        null,
        1,
        1,
        null,
        null,
        null,
        1,
        1,
        1,
        1,
        1,
        null,
        1,
        1,
        null,
        null,
        null,
        null,
        1,
        1,
        1,
        1,
        1,
        1,
        null,
        null,
        null,
        null,
        null,
        1,
        null,
        1,
        1,
        null,
        null,
        null,
        1,
        1,
        1,
        1,
        1,
        null,
        1,
        1,
        null,
        null,
        null,
        null
      ],
      "/Users/USER/workspace/pearllists/spec/requests/api/v1/login_logout_spec.rb": [
        1,
        1,
        1,
        1,
        1,
        null,
        null,
        1,
        1,
        1,
        null,
        null,
        1,
        1,
        1,
        1,
        1,
        null,
        1,
        1,
        null,
        null,
        null,
        1,
        1,
        1,
        1,
        null,
        1,
        1,
        null,
        null,
        null,
        null,
        1,
        1,
        1,
        1,
        1,
        null,
        1,
        1,
        null,
        null,
        1,
        1,
        1,
        1,
        null,
        1,
        1,
        null,
        null,
        null,
        null
      ],
      "/Users/USER/workspace/pearllists/app/controllers/auth_token.rb": [
        1,
        1,
        6,
        6,
        null,
        null,
        1,
        28,
        27,
        null,
        null,
        1,
        null,
        null,
        null,
        null,
        null,
        null
      ],
      "/Users/USER/workspace/pearllists/app/serializers/bucketlist_serializer.rb": [
        1,
        1,
        1,
        null,
        1,
        28,
        null,
        null,
        1,
        28,
        null,
        null,
        1,
        28,
        null,
        null
      ]
    },
    "timestamp": 1461859847
  }
}
