{
  "RSpec": {
    "coverage": {
      "/Users/USER/workspace/pearllists/spec/controllers/api/v1/bucketlists_controller_spec.rb": [
        1,
        1,
        null
      ],
      "/Users/USER/workspace/pearllists/app/controllers/api/v1/bucketlists_controller.rb": [
        1,
        1,
        null,
        1,
        30,
        30,
        30,
        29,
        null,
        1,
        null,
        null,
        null,
        1,
        2,
        null,
        2,
        1,
        null,
        1,
        null,
        null,
        null,
        1,
        2,
        null,
        2,
        1,
        null,
        1,
        null,
        null,
        null,
        1,
        2,
        null,
        2,
        1,
        1,
        1,
        null,
        1,
        null,
        null,
        null,
        1,
        2,
        null,
        2,
        1,
        1,
        null,
        1,
        null,
        null,
        null,
        1,
        null,
        1,
        31,
        null,
        null
      ],
      "/Users/USER/workspace/pearllists/app/controllers/application_controller.rb": [
        1,
        1,
        1,
        null,
        1,
        43,
        42,
        null,
        1,
        null,
        null,
        null,
        1,
        85,
        null,
        null,
        1,
        85,
        84,
        null,
        null,
        null,
        1,
        42,
        null,
        null
      ],
      "/Users/USER/workspace/pearllists/spec/controllers/api/v1/items_controller_spec.rb": [
        1,
        null,
        1,
        null
      ],
      "/Users/USER/workspace/pearllists/app/controllers/api/v1/items_controller.rb": [
        1,
        1,
        null,
        1,
        3,
        3,
        null,
        3,
        2,
        null,
        2,
        1,
        null,
        1,
        null,
        null,
        null,
        1,
        null,
        null,
        null,
        1,
        0,
        null,
        0,
        0,
        0,
        null,
        0,
        null,
        null,
        null,
        1,
        0,
        null,
        0,
        0,
        0,
        null,
        0,
        null,
        null,
        null,
        1,
        null,
        1,
        3,
        null,
        3,
        2,
        null,
        null,
        null,
        1,
        3,
        null,
        null
      ],
      "/Users/USER/workspace/pearllists/spec/controllers/api/v1/sessions_controller_spec.rb": [
        1,
        null,
        1,
        null
      ],
      "/Users/USER/workspace/pearllists/app/controllers/api/v1/sessions_controller.rb": [
        1,
        1,
        null,
        1,
        8,
        null,
        8,
        7,
        7,
        7,
        null,
        null,
        null,
        null,
        1,
        null,
        null,
        null,
        1,
        1,
        1,
        1,
        null,
        null
      ],
      "/Users/USER/workspace/pearllists/spec/controllers/api/v1/users_controller_spec.rb": [
        1,
        null,
        1,
        null
      ],
      "/Users/USER/workspace/pearllists/app/controllers/api/v1/users_controller.rb": [
        1,
        1,
        0,
        0,
        0,
        null,
        0,
        null,
        null,
        null,
        1,
        null,
        1,
        0,
        null,
        null
      ],
      "/Users/USER/workspace/pearllists/spec/models/bucketlist_spec.rb": [
        1,
        null,
        1,
        null
      ],
      "/Users/USER/workspace/pearllists/app/models/bucketlist.rb": [
        1,
        1,
        1,
        1,
        null,
        1,
        4,
        null,
        null,
        1,
        null,
        2,
        0,
        null,
        null,
        null,
        null,
        1,
        null,
        2,
        2,
        null,
        2,
        0,
        0,
        null,
        null,
        2,
        0,
        null,
        null,
        2,
        null,
        null,
        null
      ],
      "/Users/USER/workspace/pearllists/spec/models/item_spec.rb": [
        1,
        null,
        1,
        null
      ],
      "/Users/USER/workspace/pearllists/app/models/item.rb": [
        1,
        1,
        1,
        null
      ],
      "/Users/USER/workspace/pearllists/spec/models/token_spec.rb": [
        1,
        null,
        1,
        null
      ],
      "/Users/USER/workspace/pearllists/app/models/token.rb": [
        1,
        1,
        null
      ],
      "/Users/USER/workspace/pearllists/spec/models/user_spec.rb": [
        1,
        null,
        1,
        null
      ],
      "/Users/USER/workspace/pearllists/app/models/user.rb": [
        1,
        1,
        1,
        null,
        1,
        1,
        null,
        1,
        7,
        7,
        null,
        null
      ],
      "/Users/USER/workspace/pearllists/spec/requests/api/v1/create_bucketlist_spec.rb": [
        1,
        1,
        1,
        1,
        1,
        null,
        null,
        1,
        1,
        1,
        null,
        null,
        1,
        1,
        1,
        1,
        null,
        null,
        null,
        null,
        1,
        null,
        1,
        1,
        1,
        null,
        null,
        null,
        1,
        1,
        1,
        null,
        null,
        null,
        null,
        1,
        null,
        1,
        1,
        null,
        null,
        null,
        null
      ],
      "/Users/USER/workspace/pearllists/spec/requests/api/v1/create_items_spec.rb": [
        1,
        1,
        1,
        1,
        1,
        null,
        null,
        1,
        1,
        1,
        null,
        null,
        1,
        1,
        1,
        1,
        1,
        null,
        1,
        null,
        null,
        null,
        null,
        1,
        null,
        1,
        1,
        null,
        null,
        null,
        1,
        1,
        1,
        1,
        null,
        1,
        null,
        null,
        null,
        null,
        1,
        null,
        1,
        1,
        null,
        null,
        null,
        1,
        1,
        1,
        1,
        1,
        null,
        1,
        1,
        null,
        null,
        null,
        null
      ],
      "/Users/USER/workspace/pearllists/spec/requests/api/v1/delete_bucketlist_spec.rb": [
        1,
        1,
        1,
        1,
        1,
        null,
        null,
        1,
        1,
        1,
        null,
        null,
        1,
        1,
        1,
        1,
        1,
        1,
        null,
        null,
        null,
        null,
        1,
        1,
        1,
        1,
        null,
        null,
        null,
        1,
        1,
        1,
        1,
        1,
        1,
        1,
        1,
        null,
        null,
        null,
        null
      ],
      "/Users/USER/workspace/pearllists/spec/requests/api/v1/edit_bucketlist_spec.rb": [
        1,
        1,
        1,
        1,
        1,
        null,
        null,
        1,
        1,
        1,
        null,
        null,
        1,
        1,
        1,
        1,
        1,
        1,
        null,
        null,
        null,
        null,
        1,
        1,
        1,
        null,
        null,
        null,
        1,
        1,
        1,
        1,
        null,
        null,
        null,
        null,
        1,
        1,
        1,
        null,
        null,
        null,
        null
      ],
      "/Users/USER/workspace/pearllists/spec/requests/api/v1/get_bucketlist_spec.rb": [
        1,
        1,
        1,
        1,
        1,
        null,
        null,
        1,
        1,
        1,
        null,
        null,
        1,
        1,
        1,
        1,
        1,
        1,
        null,
        1,
        1,
        null,
        null,
        null,
        1,
        1,
        1,
        1,
        1,
        null,
        1,
        1,
        null,
        null,
        null,
        null,
        1,
        1,
        1,
        1,
        1,
        1,
        null,
        null,
        null,
        null,
        null,
        1,
        null,
        1,
        1,
        null,
        null,
        null,
        1,
        1,
        1,
        1,
        1,
        null,
        1,
        1,
        null,
        null,
        null,
        null
      ],
      "/Users/USER/workspace/pearllists/spec/requests/api/v1/login_logout_spec.rb": [
        1,
        1,
        1,
        1,
        1,
        null,
        null,
        1,
        1,
        1,
        null,
        null,
        1,
        1,
        1,
        1,
        1,
        null,
        1,
        1,
        null,
        null,
        null,
        1,
        1,
        1,
        1,
        null,
        1,
        1,
        null,
        null,
        null,
        null,
        1,
        1,
        1,
        1,
        1,
        null,
        1,
        1,
        null,
        null,
        1,
        1,
        1,
        1,
        null,
        1,
        1,
        null,
        null,
        null,
        null
      ],
      "/Users/USER/workspace/pearllists/app/controllers/auth_token.rb": [
        1,
        1,
        7,
        7,
        null,
        null,
        1,
        43,
        42,
        null,
        null,
        1,
        null,
        null,
        null,
        null,
        null,
        null
      ],
      "/Users/USER/workspace/pearllists/app/serializers/bucketlist_serializer.rb": [
        1,
        1,
        1,
        null,
        1,
        40,
        null,
        null,
        1,
        40,
        null,
        null,
        1,
        40,
        null,
        null
      ],
      "/Users/USER/workspace/pearllists/app/serializers/item_serializer.rb": [
        1,
        1,
        null,
        1,
        1,
        null,
        null,
        1,
        1,
        null,
        null,
        1,
        0,
        null,
        null
      ]
    },
    "timestamp": 1461863105
  }
}
